/*C1*/SET SCHEMA SYSTEM_LOBS
INSERT INTO BLOCKS VALUES(0,2147483647,0)
COMMIT
/*C2*/SET SCHEMA PUBLIC
DISCONNECT
/*C7*/SET SCHEMA PUBLIC
INSERT INTO PINGFEDERATE_ACCESS_GRANT VALUES('FhOZtMZFsBHLylFHVHvxpK5ZPLLeL1Qk','zgM0GkddO2OfdrwE0Qb8Prs7Su5NqCtdG64rikCTza4','joe','','ac_client','authorization_code','authz_req|HTMLFormSimplePCV','2022-08-11 15:13:45.306000','2022-08-11 15:13:45.306000',NULL)
COMMIT
INSERT INTO PINGFEDERATE_ACCESS_GRANT VALUES('Fa22yYCdQIDlKflGEhmwthnz2hTWmLWL','yygD6DQrZvry9TR7dcW1XU3QH1giD6dcfLLKnABQShE','joe','','ac_client','authorization_code','authz_req|HTMLFormSimplePCV','2022-08-11 15:21:54.703000','2022-08-11 15:21:54.703000',NULL)
COMMIT
INSERT INTO PINGFEDERATE_ACCESS_GRANT VALUES('qwrbuGMNlubbXk1a0aOCOJfVBsfdTMyN','dljT2-1ra6hRiZ3FrpsXQeZ2MxwmUkUCVv8eMQkCWnI','joe','','ac_client','authorization_code','authz_req|HTMLFormSimplePCV','2022-08-11 15:28:15.684000','2022-08-11 15:28:15.684000',NULL)
COMMIT
INSERT INTO PINGFEDERATE_ACCESS_GRANT VALUES('uIpToSR6qRLZ0Azrvph9Yw4cgvKev2P6','kP5xq2ZbWrBZtoTWWD1LDVxP8ZNjRbwSHtN2x3TPAMo','joe','','ac_client','authorization_code','authz_req|HTMLFormSimplePCV','2022-08-11 15:38:12.210000','2022-08-11 15:38:12.210000',NULL)
COMMIT
INSERT INTO PINGFEDERATE_ACCESS_GRANT VALUES('2lk4i9QUXhhhdlmxMSFi3669ZSOQblr4','2GPksEvsDIROpjIO-hKPTfWkPSw6v1DG-ffHTNWBy7M','joe','','ac_client','authorization_code','authz_req|HTMLFormSimplePCV','2022-08-11 15:42:20.557000','2022-08-11 15:42:20.557000',NULL)
COMMIT
INSERT INTO PINGFEDERATE_ACCESS_GRANT VALUES('gL2WIRAYLwMdNlF88aavUhbwC5AYFOd5','YNFSsoOzxbJbhkjpxMxap-Gj0td9UJZMIDJ0bYQ_GlI','joe','','ac_client','authorization_code','authz_req|HTMLFormSimplePCV','2022-08-11 15:45:47.170000','2022-08-11 15:45:47.170000',NULL)
COMMIT
INSERT INTO PINGFEDERATE_ACCESS_GRANT VALUES('0MWZ2SPkMxJP8r4q8i0TjYIogMKjbhXg','TSG64bc5H3dUIN4DyLcZo2nd3uGIWfcr-_UiXZ7ts04','joe','','ac_client','authorization_code','authz_req|HTMLFormSimplePCV','2022-08-11 15:49:51.812000','2022-08-11 15:49:51.812000',NULL)
COMMIT
INSERT INTO PINGFEDERATE_ACCESS_GRANT VALUES('IhOHjaCgPZXgVgGWewY6dPCJdzR5s744','8a6EnooafJ3Shatk-L40Uey4CTbQcHm9nF1Ew6Wpl38','joe','','ac_client','authorization_code','authz_req|HTMLFormSimplePCV','2022-08-11 16:03:48.747000','2022-08-11 16:03:48.747000',NULL)
COMMIT
INSERT INTO PINGFEDERATE_ACCESS_GRANT VALUES('wP7nCRu5RSxcbFvTtGtmRsaFD47joYP4','yBRdVlRCdgbgBcFVKcWjVl6ZnuOHfdt8coeACaCl3xo','joe','','ac_client','authorization_code','authz_req|HTMLFormSimplePCV','2022-08-11 16:06:23.378000','2022-08-11 16:06:23.378000',NULL)
COMMIT
INSERT INTO PINGFEDERATE_ACCESS_GRANT VALUES('ey9jHf2iISWn8MJrgp1H3ga3DGcZVi29','lwnGBIXmbTHwTjam_atIoD0vooWL3_ZqUzHviVoAA74','joe','','ac_client','authorization_code','authz_req|HTMLFormSimplePCV','2022-08-11 16:10:16.658000','2022-08-11 16:10:16.658000',NULL)
COMMIT
INSERT INTO PINGFEDERATE_ACCESS_GRANT VALUES('gFUABvPWhZmZKF7RGQfikisbBYvoTgh1','pP987codNhwqsGfdDePlFHIWGP3KT8OKhg0fa0yfyWA','joe','','ac_client','authorization_code','authz_req|HTMLFormSimplePCV','2022-08-12 13:14:01.983000','2022-08-12 13:14:01.983000',NULL)
COMMIT
INSERT INTO PINGFEDERATE_ACCESS_GRANT VALUES('6NkTwuskHwf9XZs9LV8eAWhSgCwnGmTg','tQSue6CpqzYaoANqPQOuo3yuHz1kOzFl9y3KmH_rZeE','joe','','ac_client','authorization_code','authz_req|HTMLFormSimplePCV','2022-08-12 13:19:32.477000','2022-08-12 13:19:32.477000',NULL)
COMMIT
INSERT INTO PINGFEDERATE_ACCESS_GRANT VALUES('xlMvgkpfKPVLv1WF01BMPAZv1cAjQFKh','b2ggZvqm9VR79LFqCyew55WeLjiGKZ728IWR_JRy8ds','joe','openid','ac_oic_client','authorization_code','authz_req|HTMLFormSimplePCV','2022-08-12 13:28:21.927000','2022-08-12 13:28:21.927000',NULL)
COMMIT
INSERT INTO PINGFEDERATE_ACCESS_GRANT VALUES('jGfiPifmf3U9VzPOBrFd0lYWGQD0UwoO','b4C-Lz4UDZgEI7E5ehn-HiWhW9zySA8izhFfAj6mL_o','joe','openid','ac_oic_client','authorization_code','authz_req|HTMLFormSimplePCV','2022-08-12 13:31:34.069000','2022-08-12 13:31:34.069000',NULL)
COMMIT
INSERT INTO PINGFEDERATE_ACCESS_GRANT VALUES('jt3Vavw5CJkRCxOgmRs38Dmd2Zh1wQEH','vkRqTOXBVZAmxXQxeGnEVY1rQgxUOnkuaoWpHmOJZlM','joe','','ac_client','authorization_code','authz_req|HTMLFormSimplePCV','2022-08-12 13:49:17.984000','2022-08-12 13:49:17.984000',NULL)
COMMIT
INSERT INTO PINGFEDERATE_ACCESS_GRANT VALUES('KDUYpYrYTb1mpwar5e78xEn3dJogg5BQ','G9jlLMGRXyHg3uP7Ds6ET8vJ-rGSfR0D-PIKg9GQJVk','joe','','ac_client','authorization_code','authz_req|HTMLFormSimplePCV','2022-08-12 13:53:07.115000','2022-08-12 13:53:07.115000',NULL)
COMMIT
INSERT INTO PINGFEDERATE_ACCESS_GRANT VALUES('bhJx7GUuNmWNHMTkv2evjHMlICG8BfTc','R6r4vjz_nHsVNkE390G9ig7ceweUVB0yD5KTf9di6gA','joe','openid','ac_oic_client','authorization_code','authz_req|HTMLFormSimplePCV','2022-08-12 13:53:54.988000','2022-08-12 13:53:54.988000',NULL)
COMMIT
INSERT INTO PINGFEDERATE_ACCESS_GRANT VALUES('ufbBtqP6cu7jVohvl6TQzC6UFiUR8e7W','sEJlOmbWC9DCjzmMQ2Gr86D1fv7Xz7A8t31JbCgEGl4','joe','','ac_client','authorization_code','authz_req|HTMLFormSimplePCV','2022-08-12 14:27:44.470000','2022-08-12 14:27:44.470000',NULL)
COMMIT
INSERT INTO PINGFEDERATE_ACCESS_GRANT VALUES('PSCj2oxbWah0Fc4g8il8c0hDqKHLUBd4','AqlpsSJsJtrqiHFlhyV2Bd3ph55_b_ktnTODSd8Ld_c','joe','','ac_client','authorization_code','authz_req|HTMLFormSimplePCV','2022-08-12 14:31:15.945000','2022-08-12 14:31:15.945000',NULL)
COMMIT
